<?xml version="1.0" encoding="UTF-8"?>
<testng-results ignored="0" total="2" passed="2" failed="0" skipped="0">
  <reporter-output>
  </reporter-output>
  <suite started-at="2023-02-25T19:43:36 IST" name="Default suite" finished-at="2023-02-25T19:43:36 IST" duration-ms="52">
    <groups>
    </groups>
    <test started-at="2023-02-25T19:43:36 IST" name="Default test" finished-at="2023-02-25T19:43:36 IST" duration-ms="52">
      <class name="first.DataProvider1">
        <test-method signature="read(java.lang.String,java.lang.String)[pri:0, instance:first.DataProvider1@31d7b7bf]" started-at="2023-02-25T19:43:36 IST" name="read" data-provider="dataSet" finished-at="2023-02-25T19:43:36 IST" duration-ms="9" status="PASS">
          <params>
            <param index="0">
              <value>
                <![CDATA[avadhut]]>
              </value>
            </param>
            <param index="1">
              <value>
                <![CDATA[mane]]>
              </value>
            </param>
          </params>
          <reporter-output>
          </reporter-output>
        </test-method> <!-- read -->
        <test-method signature="read(java.lang.String,java.lang.String)[pri:0, instance:first.DataProvider1@31d7b7bf]" started-at="2023-02-25T19:43:36 IST" name="read" data-provider="dataSet" finished-at="2023-02-25T19:43:36 IST" duration-ms="1" status="PASS">
          <params>
            <param index="0">
              <value>
                <![CDATA[akash]]>
              </value>
            </param>
            <param index="1">
              <value>
                <![CDATA[vasudev]]>
              </value>
            </param>
          </params>
          <reporter-output>
          </reporter-output>
        </test-method> <!-- read -->
      </class> <!-- first.DataProvider1 -->
    </test> <!-- Default test -->
  </suite> <!-- Default suite -->
</testng-results>
